<?xml version="1.0" encoding="UTF-8"?>
<testng-results ignored="0" total="1" passed="1" failed="0" skipped="0">
  <reporter-output>
  </reporter-output>
  <suite started-at="2026-03-12T00:40:09 IST" name="Default suite" finished-at="2026-03-12T00:40:19 IST" duration-ms="9551">
    <groups>
    </groups>
    <test started-at="2026-03-12T00:40:09 IST" name="Default test" finished-at="2026-03-12T00:40:19 IST" duration-ms="9551">
      <class name="testBankingTest.LoginTest">
        <test-method is-config="true" signature="setUp()[pri:0, instance:testBankingTest.LoginTest@548d708a]" started-at="2026-03-12T00:40:09 IST" name="setUp" finished-at="2026-03-12T00:40:12 IST" duration-ms="3169" status="PASS">
          <reporter-output>
          </reporter-output>
        </test-method> <!-- setUp -->
        <test-method signature="logintoportal()[pri:0, instance:testBankingTest.LoginTest@548d708a]" started-at="2026-03-12T00:40:12 IST" name="logintoportal" finished-at="2026-03-12T00:40:19 IST" duration-ms="6343" status="PASS">
          <reporter-output>
          </reporter-output>
        </test-method> <!-- logintoportal -->
        <test-method is-config="true" signature="teardown()[pri:0, instance:testBankingTest.LoginTest@548d708a]" started-at="2026-03-12T00:40:19 IST" name="teardown" finished-at="2026-03-12T00:40:19 IST" duration-ms="1" status="PASS">
          <reporter-output>
          </reporter-output>
        </test-method> <!-- teardown -->
      </class> <!-- testBankingTest.LoginTest -->
    </test> <!-- Default test -->
  </suite> <!-- Default suite -->
</testng-results>
