<?xml version="1.0" encoding="UTF-8"?>
<testng-results ignored="0" total="1" passed="1" failed="0" skipped="0">
  <reporter-output>
  </reporter-output>
  <suite started-at="2026-03-14T00:54:55 IST" name="Default suite" finished-at="2026-03-14T00:55:03 IST" duration-ms="8089">
    <groups>
    </groups>
    <test started-at="2026-03-14T00:54:55 IST" name="Default test" finished-at="2026-03-14T00:55:03 IST" duration-ms="8089">
      <class name="testBankingTest.LoginTest">
        <test-method is-config="true" signature="setUp()[pri:0, instance:testBankingTest.LoginTest@548d708a]" started-at="2026-03-14T00:54:55 IST" name="setUp" finished-at="2026-03-14T00:54:59 IST" duration-ms="4621" status="PASS">
          <reporter-output>
          </reporter-output>
        </test-method> <!-- setUp -->
        <test-method signature="logintoportal()[pri:0, instance:testBankingTest.LoginTest@548d708a]" started-at="2026-03-14T00:54:59 IST" name="logintoportal" finished-at="2026-03-14T00:55:02 IST" duration-ms="3285" status="PASS">
          <reporter-output>
          </reporter-output>
        </test-method> <!-- logintoportal -->
        <test-method is-config="true" signature="teardown()[pri:0, instance:testBankingTest.LoginTest@548d708a]" started-at="2026-03-14T00:55:03 IST" name="teardown" finished-at="2026-03-14T00:55:03 IST" duration-ms="106" status="PASS">
          <reporter-output>
          </reporter-output>
        </test-method> <!-- teardown -->
      </class> <!-- testBankingTest.LoginTest -->
    </test> <!-- Default test -->
  </suite> <!-- Default suite -->
</testng-results>
